11:14:12.712 INFO  manager.TestBase - Start method with name --->loginSuccess
11:14:12.737 INFO  manager.ListenerWd - Start find element by -->By.cssSelector: [data-test-id='header-member-menu-button']
11:14:18.232 INFO  manager.ListenerWd - Something went wrong!!!
11:14:18.233 INFO  manager.ListenerWd - org.openqa.selenium.NoSuchElementException: no such element: Unable to locate element: {"method":"css selector","selector":"[data-test-id='header-member-menu-button']"}
  (Session info: chrome=104.0.5112.101)
For documentation on this error, please visit: https://www.seleniumhq.org/exceptions/no_such_element.html
Build info: version: '3.141.59', revision: 'e82be7d358', time: '2018-11-14T08:17:03'
System info: host: 'MacBook-Pro-Taya.local', ip: '127.0.0.1', os.name: 'Mac OS X', os.arch: 'x86_64', os.version: '10.16', java.version: '1.8.0_151'
Driver info: org.openqa.selenium.chrome.ChromeDriver
Capabilities {acceptInsecureCerts: false, browserName: chrome, browserVersion: 104.0.5112.101, chrome: {chromedriverVersion: 103.0.5060.53 (a1711811edd7..., userDataDir: /var/folders/s_/hl4vhy0959g...}, goog:chromeOptions: {debuggerAddress: localhost:53265}, javascriptEnabled: true, networkConnectionEnabled: false, pageLoadStrategy: normal, platform: MAC, platformName: MAC, proxy: Proxy(), setWindowRect: true, strictFileInteractability: false, timeouts: {implicit: 0, pageLoad: 300000, script: 30000}, unhandledPromptBehavior: dismiss and notify, webauthn:extension:credBlob: true, webauthn:extension:largeBlob: true, webauthn:virtualAuthenticators: true}
Session ID: 2fe51f3e1ba90bbdd2a49d035e31e082
*** Element info: {Using=css selector, value=[data-test-id='header-member-menu-button']}
11:14:18.916 INFO  manager.ListenerWd - Screen with problem is -->src/test/screenshots/screen-858.png
11:14:18.929 INFO  manager.ListenerWd - Start find element by -->By.cssSelector: a[href='/login']
11:14:18.952 INFO  manager.ListenerWd - Finish find element by -->By.cssSelector: a[href='/login']
11:14:19.031 INFO  manager.ListenerWd - Start find element by -->By.cssSelector: a[href='/login']
11:14:19.046 INFO  manager.ListenerWd - Finish find element by -->By.cssSelector: a[href='/login']
11:14:21.244 INFO  manager.ListenerWd - Start find element by -->By.id: user
11:14:21.258 INFO  manager.ListenerWd - Finish find element by -->By.id: user
11:14:21.448 INFO  manager.ListenerWd - Start find element by -->By.id: login
11:14:21.461 INFO  manager.ListenerWd - Finish find element by -->By.id: login
11:14:21.529 INFO  manager.ListenerWd - Start find element by -->By.cssSelector: #password.css-wxvfrp
11:14:24.559 INFO  manager.ListenerWd - Finish find element by -->By.cssSelector: #password.css-wxvfrp
11:14:24.965 INFO  manager.ListenerWd - Start find element by -->By.cssSelector: #login-submit
11:14:24.993 INFO  manager.ListenerWd - Finish find element by -->By.cssSelector: #login-submit
11:14:25.070 INFO  manager.ListenerWd - Start find element by -->By.cssSelector: [data-test-id='header-member-menu-button']
11:14:35.924 INFO  manager.ListenerWd - Finish find element by -->By.cssSelector: [data-test-id='header-member-menu-button']
11:14:35.978 INFO  manager.ListenerWd - Start find element by -->By.cssSelector: [data-test-id='header-member-menu-button']
11:14:36.014 INFO  manager.ListenerWd - Finish find element by -->By.cssSelector: [data-test-id='header-member-menu-button']
11:14:36.023 INFO  manager.TestBase - Start method with name --->loginSuccessUser
11:14:36.025 INFO  manager.ListenerWd - Start find element by -->By.cssSelector: [data-test-id='header-member-menu-button']
11:14:36.089 INFO  manager.ListenerWd - Finish find element by -->By.cssSelector: [data-test-id='header-member-menu-button']
11:14:36.172 INFO  manager.ListenerWd - Start find element by -->By.cssSelector: [data-test-id='header-member-menu-button']
11:14:36.190 INFO  manager.ListenerWd - Finish find element by -->By.cssSelector: [data-test-id='header-member-menu-button']
11:14:36.194 INFO  manager.ListenerWd - Start find element by -->By.cssSelector: [data-test-id='header-member-menu-button']
11:14:36.220 INFO  manager.ListenerWd - Finish find element by -->By.cssSelector: [data-test-id='header-member-menu-button']
11:14:36.378 INFO  manager.ListenerWd - Start find element by -->By.cssSelector: [data-test-id='header-member-menu-logout']
11:14:36.481 INFO  manager.ListenerWd - Finish find element by -->By.cssSelector: [data-test-id='header-member-menu-logout']
11:14:38.616 INFO  manager.ListenerWd - Start find element by -->By.id: logout-submit
11:14:38.651 INFO  manager.ListenerWd - Finish find element by -->By.id: logout-submit
11:14:39.477 INFO  manager.TestBase - Test start  with user --->User{email='hatum.testing@gmail.com', password='Hatum21$'}
11:14:39.477 INFO  manager.ListenerWd - Start find element by -->By.cssSelector: a[href='/login']
11:14:43.678 INFO  manager.ListenerWd - Finish find element by -->By.cssSelector: a[href='/login']
11:14:43.736 INFO  manager.ListenerWd - Start find element by -->By.cssSelector: a[href='/login']
11:14:43.748 INFO  manager.ListenerWd - Finish find element by -->By.cssSelector: a[href='/login']
11:14:44.552 INFO  manager.ListenerWd - Something went wrong!!!
11:14:44.553 INFO  manager.ListenerWd - org.openqa.selenium.WebDriverException: unknown error: unexpected command response
  (Session info: chrome=104.0.5112.101)
Build info: version: '3.141.59', revision: 'e82be7d358', time: '2018-11-14T08:17:03'
System info: host: 'MacBook-Pro-Taya.local', ip: '127.0.0.1', os.name: 'Mac OS X', os.arch: 'x86_64', os.version: '10.16', java.version: '1.8.0_151'
Driver info: org.openqa.selenium.chrome.ChromeDriver
Capabilities {acceptInsecureCerts: false, browserName: chrome, browserVersion: 104.0.5112.101, chrome: {chromedriverVersion: 103.0.5060.53 (a1711811edd7..., userDataDir: /var/folders/s_/hl4vhy0959g...}, goog:chromeOptions: {debuggerAddress: localhost:53265}, javascriptEnabled: true, networkConnectionEnabled: false, pageLoadStrategy: normal, platform: MAC, platformName: MAC, proxy: Proxy(), setWindowRect: true, strictFileInteractability: false, timeouts: {implicit: 0, pageLoad: 300000, script: 30000}, unhandledPromptBehavior: dismiss and notify, webauthn:extension:credBlob: true, webauthn:extension:largeBlob: true, webauthn:virtualAuthenticators: true}
Session ID: 2fe51f3e1ba90bbdd2a49d035e31e082
11:14:45.848 INFO  manager.ListenerWd - Screen with problem is -->src/test/screenshots/screen-885.png
11:14:45.854 INFO  manager.TestBase - Start method with name --->loginWithWrongEmail
11:14:45.855 INFO  manager.ListenerWd - Start find element by -->By.cssSelector: [data-test-id='header-member-menu-button']
11:14:50.905 INFO  manager.ListenerWd - Something went wrong!!!
11:14:50.905 INFO  manager.ListenerWd - org.openqa.selenium.NoSuchElementException: no such element: Unable to locate element: {"method":"css selector","selector":"[data-test-id='header-member-menu-button']"}
  (Session info: chrome=104.0.5112.101)
For documentation on this error, please visit: https://www.seleniumhq.org/exceptions/no_such_element.html
Build info: version: '3.141.59', revision: 'e82be7d358', time: '2018-11-14T08:17:03'
System info: host: 'MacBook-Pro-Taya.local', ip: '127.0.0.1', os.name: 'Mac OS X', os.arch: 'x86_64', os.version: '10.16', java.version: '1.8.0_151'
Driver info: org.openqa.selenium.chrome.ChromeDriver
Capabilities {acceptInsecureCerts: false, browserName: chrome, browserVersion: 104.0.5112.101, chrome: {chromedriverVersion: 103.0.5060.53 (a1711811edd7..., userDataDir: /var/folders/s_/hl4vhy0959g...}, goog:chromeOptions: {debuggerAddress: localhost:53265}, javascriptEnabled: true, networkConnectionEnabled: false, pageLoadStrategy: normal, platform: MAC, platformName: MAC, proxy: Proxy(), setWindowRect: true, strictFileInteractability: false, timeouts: {implicit: 0, pageLoad: 300000, script: 30000}, unhandledPromptBehavior: dismiss and notify, webauthn:extension:credBlob: true, webauthn:extension:largeBlob: true, webauthn:virtualAuthenticators: true}
Session ID: 2fe51f3e1ba90bbdd2a49d035e31e082
*** Element info: {Using=css selector, value=[data-test-id='header-member-menu-button']}
11:14:52.111 INFO  manager.ListenerWd - Screen with problem is -->src/test/screenshots/screen-892.png
11:14:52.116 INFO  manager.ListenerWd - Start find element by -->By.cssSelector: a[href='/login']
11:14:52.137 INFO  manager.ListenerWd - Finish find element by -->By.cssSelector: a[href='/login']
11:14:52.176 INFO  manager.ListenerWd - Start find element by -->By.id: user
11:14:52.212 INFO  manager.ListenerWd - Finish find element by -->By.id: user
11:14:52.492 INFO  manager.ListenerWd - Start find element by -->By.id: password
11:14:52.519 INFO  manager.ListenerWd - Finish find element by -->By.id: password
11:14:52.726 INFO  manager.ListenerWd - Start find element by -->By.id: login
11:14:52.749 INFO  manager.ListenerWd - Finish find element by -->By.id: login
11:14:52.885 INFO  manager.ListenerWd - Start find element by -->By.cssSelector: div#error p
11:14:52.905 INFO  manager.ListenerWd - Finish find element by -->By.cssSelector: div#error p
11:14:54.009 INFO  manager.ListenerWd - Start find element by -->By.cssSelector: div#error p
11:14:54.027 INFO  manager.ListenerWd - Finish find element by -->By.cssSelector: div#error p
11:14:54.050 INFO  manager.ListenerWd - Start find element by -->By.cssSelector: div#error p
11:14:54.059 INFO  manager.ListenerWd - Finish find element by -->By.cssSelector: div#error p
11:14:54.077 INFO  manager.TestBase - Start method with name --->loginWithWrongPassword
11:14:54.078 INFO  manager.ListenerWd - Start find element by -->By.cssSelector: [data-test-id='header-member-menu-button']
11:14:59.129 INFO  manager.ListenerWd - Something went wrong!!!
11:14:59.131 INFO  manager.ListenerWd - org.openqa.selenium.NoSuchElementException: no such element: Unable to locate element: {"method":"css selector","selector":"[data-test-id='header-member-menu-button']"}
  (Session info: chrome=104.0.5112.101)
For documentation on this error, please visit: https://www.seleniumhq.org/exceptions/no_such_element.html
Build info: version: '3.141.59', revision: 'e82be7d358', time: '2018-11-14T08:17:03'
System info: host: 'MacBook-Pro-Taya.local', ip: '127.0.0.1', os.name: 'Mac OS X', os.arch: 'x86_64', os.version: '10.16', java.version: '1.8.0_151'
Driver info: org.openqa.selenium.chrome.ChromeDriver
Capabilities {acceptInsecureCerts: false, browserName: chrome, browserVersion: 104.0.5112.101, chrome: {chromedriverVersion: 103.0.5060.53 (a1711811edd7..., userDataDir: /var/folders/s_/hl4vhy0959g...}, goog:chromeOptions: {debuggerAddress: localhost:53265}, javascriptEnabled: true, networkConnectionEnabled: false, pageLoadStrategy: normal, platform: MAC, platformName: MAC, proxy: Proxy(), setWindowRect: true, strictFileInteractability: false, timeouts: {implicit: 0, pageLoad: 300000, script: 30000}, unhandledPromptBehavior: dismiss and notify, webauthn:extension:credBlob: true, webauthn:extension:largeBlob: true, webauthn:virtualAuthenticators: true}
Session ID: 2fe51f3e1ba90bbdd2a49d035e31e082
*** Element info: {Using=css selector, value=[data-test-id='header-member-menu-button']}
11:15:00.661 INFO  manager.ListenerWd - Screen with problem is -->src/test/screenshots/screen-900.png
11:15:00.666 INFO  manager.ListenerWd - Start find element by -->By.cssSelector: a[href='/login']
11:15:00.683 INFO  manager.ListenerWd - Finish find element by -->By.cssSelector: a[href='/login']
11:15:00.697 INFO  manager.ListenerWd - Start find element by -->By.id: user
11:15:00.711 INFO  manager.ListenerWd - Finish find element by -->By.id: user
11:15:01.177 INFO  manager.ListenerWd - Start find element by -->By.id: login
11:15:01.203 INFO  manager.ListenerWd - Finish find element by -->By.id: login
11:15:01.346 INFO  manager.ListenerWd - Start find element by -->By.cssSelector: #password.css-wxvfrp
11:15:05.478 INFO  manager.ListenerWd - Finish find element by -->By.cssSelector: #password.css-wxvfrp
11:15:06.120 INFO  manager.ListenerWd - Start find element by -->By.cssSelector: #login-submit
11:15:06.150 INFO  manager.ListenerWd - Finish find element by -->By.cssSelector: #login-submit
11:15:06.356 INFO  manager.ListenerWd - Start find element by -->By.cssSelector: div#login-error span
11:15:07.149 INFO  manager.ListenerWd - Finish find element by -->By.cssSelector: div#login-error span
